[2022-06-28 01:35:33,224: INFO: stage_02_featurization]: 
********************
[2022-06-28 01:35:33,224: INFO: stage_02_featurization]: >>>>> stage Featurization started <<<<<
[2022-06-28 01:35:33,226: INFO: common]: yaml file: configs/config.yaml loaded successfully
[2022-06-28 01:35:33,227: INFO: common]: yaml file: params.yaml loaded successfully
[2022-06-28 01:35:33,227: INFO: common]: created directory at: artifacts\features
[2022-06-28 01:35:33,302: INFO: common]: The input data frame artifacts\prepared\train.tsv of size (7465, 3) is read.
[2022-06-28 01:35:33,302: ERROR: stage_02_featurization]: 'DataFrame' object has no attribute 'text'
Traceback (most recent call last):
  File "src/stage_02_featurization.py", line 76, in <module>
    main(config_path=parsed_args.config, params_path=parsed_args.params)
  File "src/stage_02_featurization.py", line 41, in main
    train_words = np.array(df_train.text.str.lower().values.astype("U"))
  File "E:\DataScience\FSDS_NLP\DVC_NLP_Project_usingMKDocs\DVC_NLP_Project_usingMKDocs\env\lib\site-packages\pandas\core\generic.py", line 5575, in __getattr__
    return object.__getattribute__(self, name)
AttributeError: 'DataFrame' object has no attribute 'text'
[2022-06-28 01:40:07,620: INFO: stage_02_featurization]: 
********************
[2022-06-28 01:40:07,620: INFO: stage_02_featurization]: >>>>> stage Featurization started <<<<<
[2022-06-28 01:40:07,622: INFO: common]: yaml file: configs/config.yaml loaded successfully
[2022-06-28 01:40:07,623: INFO: common]: yaml file: params.yaml loaded successfully
[2022-06-28 01:40:07,623: INFO: common]: created directory at: artifacts\features
[2022-06-28 01:40:07,705: INFO: common]: The input data frame artifacts\prepared\train.tsv of size (7465, 3) is read.
[2022-06-28 01:40:07,705: ERROR: stage_02_featurization]: 'DataFrame' object has no attribute 'text'
Traceback (most recent call last):
  File "src/stage_02_featurization.py", line 76, in <module>
    main(config_path=parsed_args.config, params_path=parsed_args.params)
  File "src/stage_02_featurization.py", line 41, in main
    train_words = np.array(df_train.text.str.lower().values.astype("U"))
  File "E:\DataScience\FSDS_NLP\DVC_NLP_Project_usingMKDocs\DVC_NLP_Project_usingMKDocs\env\lib\site-packages\pandas\core\generic.py", line 5575, in __getattr__
    return object.__getattribute__(self, name)
AttributeError: 'DataFrame' object has no attribute 'text'
[2022-06-28 01:53:47,872: INFO: stage_02_featurization]: 
********************
[2022-06-28 01:53:47,872: INFO: stage_02_featurization]: >>>>> stage Featurization started <<<<<
[2022-06-28 01:53:47,874: INFO: common]: yaml file: configs/config.yaml loaded successfully
[2022-06-28 01:53:47,875: INFO: common]: yaml file: params.yaml loaded successfully
[2022-06-28 01:53:47,876: INFO: common]: created directory at: artifacts\features
[2022-06-28 01:53:47,957: INFO: common]: The input data frame artifacts\prepared\train.tsv of size (7465, 3) is read.
[2022-06-28 01:53:47,957: ERROR: stage_02_featurization]: 'DataFrame' object has no attribute 'text'
Traceback (most recent call last):
  File "src/stage_02_featurization.py", line 76, in <module>
    main(config_path=parsed_args.config, params_path=parsed_args.params)
  File "src/stage_02_featurization.py", line 41, in main
    train_words = np.array(df_train.text.str.lower().values.astype("U"))
  File "E:\DataScience\FSDS_NLP\DVC_NLP_Project_usingMKDocs\DVC_NLP_Project_usingMKDocs\env\lib\site-packages\pandas\core\generic.py", line 5575, in __getattr__
    return object.__getattribute__(self, name)
AttributeError: 'DataFrame' object has no attribute 'text'
[2022-06-28 01:55:29,239: INFO: stage_02_featurization]: 
********************
[2022-06-28 01:55:29,239: INFO: stage_02_featurization]: >>>>> stage Featurization started <<<<<
[2022-06-28 01:55:29,241: INFO: common]: yaml file: configs/config.yaml loaded successfully
[2022-06-28 01:55:29,242: INFO: common]: yaml file: params.yaml loaded successfully
[2022-06-28 01:55:29,242: INFO: common]: created directory at: artifacts\features
[2022-06-28 01:55:29,322: INFO: common]: The input data frame artifacts\prepared\train.tsv of size (7465, 3) is read.
[2022-06-28 01:55:29,322: ERROR: stage_02_featurization]: name 'train_words' is not defined
Traceback (most recent call last):
  File "src/stage_02_featurization.py", line 76, in <module>
    main(config_path=parsed_args.config, params_path=parsed_args.params)
  File "src/stage_02_featurization.py", line 49, in main
    bag_of_words.fit(train_words)
NameError: name 'train_words' is not defined
[2022-06-28 02:02:02,960: INFO: stage_02_featurization]: 
********************
[2022-06-28 02:02:02,960: INFO: stage_02_featurization]: >>>>> stage Featurization started <<<<<
[2022-06-28 02:02:02,962: INFO: common]: yaml file: configs/config.yaml loaded successfully
[2022-06-28 02:02:02,963: INFO: common]: yaml file: params.yaml loaded successfully
[2022-06-28 02:02:02,963: INFO: common]: created directory at: artifacts\features
[2022-06-28 02:02:03,037: INFO: common]: The input data frame artifacts\prepared\train.tsv of size (7465, 3) is read.
[2022-06-28 02:02:03,038: ERROR: stage_02_featurization]: 'DataFrame' object has no attribute 'text'
Traceback (most recent call last):
  File "src/stage_02_featurization.py", line 76, in <module>
    main(config_path=parsed_args.config, params_path=parsed_args.params)
  File "src/stage_02_featurization.py", line 41, in main
    train_words = np.array(df_train.text.str.lower().values.astype("U"))
  File "E:\DataScience\FSDS_NLP\DVC_NLP_Project_usingMKDocs\DVC_NLP_Project_usingMKDocs\env\lib\site-packages\pandas\core\generic.py", line 5575, in __getattr__
    return object.__getattribute__(self, name)
AttributeError: 'DataFrame' object has no attribute 'text'
[2022-06-28 02:14:23,949: INFO: stage_03_train]: 
********************
[2022-06-28 02:14:23,949: INFO: stage_03_train]: >>>>> stage Training started <<<<<
[2022-06-28 02:14:23,952: INFO: common]: yaml file: configs/config.yaml loaded successfully
[2022-06-28 02:14:23,953: INFO: common]: yaml file: params.yaml loaded successfully
[2022-06-28 02:14:23,953: INFO: common]: created directory at: artifacts\model
[2022-06-28 02:14:23,953: ERROR: stage_03_train]: [Errno 2] No such file or directory: 'artifacts\\features\\train.pkl'
Traceback (most recent call last):
  File "src/stage_03_train.py", line 74, in <module>
    main(config_path=parsed_args.config, params_path=parsed_args.params)
  File "src/stage_03_train.py", line 37, in main
    matrix = joblib.load(featurized_train_data_path)
  File "E:\DataScience\FSDS_NLP\DVC_NLP_Project_usingMKDocs\DVC_NLP_Project_usingMKDocs\env\lib\site-packages\joblib\numpy_pickle.py", line 579, in load
    with open(filename, 'rb') as f:
FileNotFoundError: [Errno 2] No such file or directory: 'artifacts\\features\\train.pkl'
[2022-06-28 02:15:55,864: INFO: stage_03_train]: 
********************
[2022-06-28 02:15:55,864: INFO: stage_03_train]: >>>>> stage Training started <<<<<
[2022-06-28 02:15:55,866: INFO: common]: yaml file: configs/config.yaml loaded successfully
[2022-06-28 02:15:55,867: INFO: common]: yaml file: params.yaml loaded successfully
[2022-06-28 02:15:55,868: INFO: common]: created directory at: artifacts\model
[2022-06-28 02:15:55,868: ERROR: stage_03_train]: [Errno 2] No such file or directory: 'artifacts\\features\\train.pkl'
Traceback (most recent call last):
  File "src/stage_03_train.py", line 74, in <module>
    main(config_path=parsed_args.config, params_path=parsed_args.params)
  File "src/stage_03_train.py", line 37, in main
    matrix = joblib.load(featurized_train_data_path)
  File "E:\DataScience\FSDS_NLP\DVC_NLP_Project_usingMKDocs\DVC_NLP_Project_usingMKDocs\env\lib\site-packages\joblib\numpy_pickle.py", line 579, in load
    with open(filename, 'rb') as f:
FileNotFoundError: [Errno 2] No such file or directory: 'artifacts\\features\\train.pkl'
[2022-06-28 02:18:41,632: INFO: stage_03_train]: 
********************
[2022-06-28 02:18:41,632: INFO: stage_03_train]: >>>>> stage Training started <<<<<
[2022-06-28 02:18:41,634: INFO: common]: yaml file: configs/config.yaml loaded successfully
[2022-06-28 02:18:41,635: INFO: common]: yaml file: params.yaml loaded successfully
[2022-06-28 02:18:41,635: INFO: common]: created directory at: artifacts\model
[2022-06-28 02:18:41,636: ERROR: stage_03_train]: [Errno 2] No such file or directory: 'artifacts\\features\\train.pk1'
Traceback (most recent call last):
  File "src/stage_03_train.py", line 74, in <module>
    main(config_path=parsed_args.config, params_path=parsed_args.params)
  File "src/stage_03_train.py", line 37, in main
    matrix = joblib.load(featurized_train_data_path)
  File "E:\DataScience\FSDS_NLP\DVC_NLP_Project_usingMKDocs\DVC_NLP_Project_usingMKDocs\env\lib\site-packages\joblib\numpy_pickle.py", line 579, in load
    with open(filename, 'rb') as f:
FileNotFoundError: [Errno 2] No such file or directory: 'artifacts\\features\\train.pk1'
[2022-06-28 02:37:27,905: INFO: stage_02_featurization]: 
********************
[2022-06-28 02:37:27,906: INFO: stage_02_featurization]: >>>>> stage Featurization started <<<<<
[2022-06-28 02:37:27,908: INFO: common]: yaml file: configs/config.yaml loaded successfully
[2022-06-28 02:37:27,910: INFO: common]: yaml file: params.yaml loaded successfully
[2022-06-28 02:37:27,910: INFO: common]: created directory at: artifacts\features
[2022-06-28 02:37:27,995: INFO: common]: The input data frame artifacts\prepared\train.tsv of size (7465, 3) is read.
[2022-06-28 02:37:27,995: ERROR: stage_02_featurization]: 'DataFrame' object has no attribute 'text'
Traceback (most recent call last):
  File "src/stage_02_featurization.py", line 76, in <module>
    main(config_path=parsed_args.config, params_path=parsed_args.params)
  File "src/stage_02_featurization.py", line 41, in main
    train_words = np.array(df_train.text.str.lower().values.astype("U"))
  File "E:\DataScience\FSDS_NLP\DVC_NLP_Project_usingMKDocs\DVC_NLP_Project_usingMKDocs\env\lib\site-packages\pandas\core\generic.py", line 5575, in __getattr__
    return object.__getattribute__(self, name)
AttributeError: 'DataFrame' object has no attribute 'text'
[2022-06-28 21:03:37,247: INFO: stage_02_featurization]: 
********************
[2022-06-28 21:03:37,247: INFO: stage_02_featurization]: >>>>> stage Featurization started <<<<<
[2022-06-28 21:03:37,250: INFO: common]: yaml file: configs/config.yaml loaded successfully
[2022-06-28 21:03:37,252: INFO: common]: yaml file: params.yaml loaded successfully
[2022-06-28 21:03:37,252: INFO: common]: created directory at: artifacts\features
[2022-06-28 21:03:37,367: INFO: common]: The input data frame artifacts\prepared\train.tsv of size (7464, 3) is read.
[2022-06-28 21:03:42,184: INFO: data_mgmt]: The output matrix saved at artifacts\features\train.pk1 of shape: (7464, 2502)
[2022-06-28 21:03:42,386: INFO: common]: The input data frame artifacts\prepared\test.tsv of size (17536, 3) is read.
[2022-06-28 21:03:47,231: INFO: data_mgmt]: The output matrix saved at artifacts\features\test.pk1 of shape: (17536, 2502)
[2022-06-28 21:03:47,498: INFO: stage_02_featurization]: >>>>> stage Featurization completed!<<<<<

[2022-06-28 21:04:07,972: INFO: stage_02_featurization]: 
********************
[2022-06-28 21:04:07,972: INFO: stage_02_featurization]: >>>>> stage Featurization started <<<<<
[2022-06-28 21:04:07,975: INFO: common]: yaml file: configs/config.yaml loaded successfully
[2022-06-28 21:04:07,977: INFO: common]: yaml file: params.yaml loaded successfully
[2022-06-28 21:04:07,977: INFO: common]: created directory at: artifacts\features
[2022-06-28 21:04:08,077: INFO: common]: The input data frame artifacts\prepared\train.tsv of size (7464, 3) is read.
[2022-06-28 21:04:13,306: INFO: data_mgmt]: The output matrix saved at artifacts\features\train.pk1 of shape: (7464, 2502)
[2022-06-28 21:04:13,508: INFO: common]: The input data frame artifacts\prepared\test.tsv of size (17536, 3) is read.
[2022-06-28 21:04:18,157: INFO: data_mgmt]: The output matrix saved at artifacts\features\test.pk1 of shape: (17536, 2502)
[2022-06-28 21:04:18,318: INFO: stage_02_featurization]: >>>>> stage Featurization completed!<<<<<

[2022-06-28 21:04:19,800: INFO: stage_01_prepare_data]: 
********************
[2022-06-28 21:04:19,800: INFO: stage_01_prepare_data]: >>>>> stage prepare_data started <<<<<
[2022-06-28 21:04:19,803: INFO: common]: yaml file: configs/config.yaml loaded successfully
[2022-06-28 21:04:19,805: INFO: common]: yaml file: params.yaml loaded successfully
[2022-06-28 21:04:19,805: INFO: common]: created directory at: artifacts\prepared
[2022-06-28 21:04:22,443: INFO: stage_01_prepare_data]: >>>>> stage prepare_data completed!<<<<<

